Using pre-set license
Built from '2020.3/staging' branch; Version is '2020.3.25f1 (9b9180224418) revision 10195328'; Using compiler version '192528614'; Build Type 'Release'
OS: 'Windows 10  (10.0.19044) 64bit Professional' Language: 'en' Physical Memory: 8140 MB
BatchMode: 1, IsHumanControllingUs: 0, StartBugReporterOnCrash: 0, Is64bit: 1, IsPro: 0

COMMAND LINE ARGUMENTS:
C:\Program Files\Unity\Hub\Editor\2020.3.25f1\Editor\Unity.exe
-adb2
-batchMode
-noUpm
-name
AssetImportWorker0
-projectPath
D:/UnityProjects/Dark Souls NFT_2
-logFile
Logs/AssetImportWorker0.log
-srvPort
54283
Successfully changed project path to: D:/UnityProjects/Dark Souls NFT_2
D:/UnityProjects/Dark Souls NFT_2
Using Asset Import Pipeline V2.
Refreshing native plugins compatible for Editor in 37.84 ms, found 2 plugins.
Preloading 0 native plugins for Editor in 0.00 ms.
Initialize engine version: 2020.3.25f1 (9b9180224418)
[Subsystems] Discovering subsystems at path C:/Program Files/Unity/Hub/Editor/2020.3.25f1/Editor/Data/Resources/UnitySubsystems
[Subsystems] Discovering subsystems at path D:/UnityProjects/Dark Souls NFT_2/Assets
GfxDevice: creating device client; threaded=0
Direct3D:
    Version:  Direct3D 11.0 [level 11.1]
    Renderer: NVIDIA GeForce GTX 1660 SUPER (ID=0x21c4)
    Vendor:   
    VRAM:     5991 MB
    Driver:   30.0.14.9676
Initialize mono
Mono path[0] = 'C:/Program Files/Unity/Hub/Editor/2020.3.25f1/Editor/Data/Managed'
Mono path[1] = 'C:/Program Files/Unity/Hub/Editor/2020.3.25f1/Editor/Data/MonoBleedingEdge/lib/mono/unityjit'
Mono config path = 'C:/Program Files/Unity/Hub/Editor/2020.3.25f1/Editor/Data/MonoBleedingEdge/etc'
Using monoOptions --debugger-agent=transport=dt_socket,embedding=1,server=y,suspend=n,address=127.0.0.1:56568
Begin MonoManager ReloadAssembly
Registering precompiled unity dll's ...
Register platform support module: C:/Program Files/Unity/Hub/Editor/2020.3.25f1/Editor/Data/PlaybackEngines/WebGLSupport/UnityEditor.WebGL.Extensions.dll
Register platform support module: C:/Program Files/Unity/Hub/Editor/2020.3.25f1/Editor/Data/PlaybackEngines/WindowsStandaloneSupport/UnityEditor.WindowsStandalone.Extensions.dll
Registered in 0.002247 seconds.
Native extension for WindowsStandalone target not found
Native extension for WebGL target not found
Refreshing native plugins compatible for Editor in 35.41 ms, found 2 plugins.
Preloading 0 native plugins for Editor in 0.00 ms.
Mono: successfully reloaded assembly
- Completed reload, in  0.518 seconds
Domain Reload Profiling:
	ReloadAssembly (518ms)
		BeginReloadAssembly (46ms)
			ExecutionOrderSort (0ms)
			DisableScriptedObjects (0ms)
			BackupInstance (0ms)
			ReleaseScriptingObjects (0ms)
			CreateAndSetChildDomain (1ms)
		EndReloadAssembly (402ms)
			LoadAssemblies (45ms)
			RebuildTransferFunctionScriptingTraits (0ms)
			SetupTypeCache (142ms)
			ReleaseScriptCaches (0ms)
			RebuildScriptCaches (26ms)
			SetupLoadedEditorAssemblies (152ms)
				LogAssemblyErrors (0ms)
				InitializePlatformSupportModulesInManaged (5ms)
				SetLoadedEditorAssemblies (0ms)
				RefreshPlugins (35ms)
				BeforeProcessingInitializeOnLoad (11ms)
				ProcessInitializeOnLoadAttributes (76ms)
				ProcessInitializeOnLoadMethodAttributes (24ms)
				AfterProcessingInitializeOnLoad (0ms)
				EditorAssembliesLoaded (0ms)
			ExecutionOrderSort2 (0ms)
			AwakeInstancesAfterBackupRestoration (0ms)
Platform modules already initialized, skipping
Registering precompiled user dll's ...
Registered in 0.062819 seconds.
Begin MonoManager ReloadAssembly
Native extension for WindowsStandalone target not found
Native extension for WebGL target not found
Refreshing native plugins compatible for Editor in 45.83 ms, found 2 plugins.
Preloading 0 native plugins for Editor in 0.00 ms.
Mono: successfully reloaded assembly
- Completed reload, in  1.237 seconds
Domain Reload Profiling:
	ReloadAssembly (1240ms)
		BeginReloadAssembly (155ms)
			ExecutionOrderSort (0ms)
			DisableScriptedObjects (4ms)
			BackupInstance (0ms)
			ReleaseScriptingObjects (0ms)
			CreateAndSetChildDomain (22ms)
		EndReloadAssembly (1016ms)
			LoadAssemblies (92ms)
			RebuildTransferFunctionScriptingTraits (0ms)
			SetupTypeCache (335ms)
			ReleaseScriptCaches (0ms)
			RebuildScriptCaches (47ms)
			SetupLoadedEditorAssemblies (412ms)
				LogAssemblyErrors (0ms)
				InitializePlatformSupportModulesInManaged (6ms)
				SetLoadedEditorAssemblies (0ms)
				RefreshPlugins (46ms)
				BeforeProcessingInitializeOnLoad (73ms)
				ProcessInitializeOnLoadAttributes (268ms)
				ProcessInitializeOnLoadMethodAttributes (12ms)
				AfterProcessingInitializeOnLoad (6ms)
				EditorAssembliesLoaded (0ms)
			ExecutionOrderSort2 (0ms)
			AwakeInstancesAfterBackupRestoration (10ms)
Platform modules already initialized, skipping
========================================================================
Worker process is ready to serve import requests
Launched and connected shader compiler UnityShaderCompiler.exe after 0.21 seconds
Refreshing native plugins compatible for Editor in 0.43 ms, found 2 plugins.
Preloading 0 native plugins for Editor in 0.00 ms.
Unloading 1851 Unused Serialized files (Serialized files now loaded: 0)
System memory in use before: 81.4 MB.
System memory in use after: 81.5 MB.

Unloading 22 unused Assets to reduce memory usage. Loaded Objects now: 2283.
Total: 3.441100 ms (FindLiveObjects: 0.278400 ms CreateObjectMapping: 0.055900 ms MarkObjects: 3.038900 ms  DeleteObjects: 0.066600 ms)

AssetImportParameters requested are different than current active one (requested -> active):
  custom:framework-win-MediaFoundation: 216162199b28c13a410421893ffa2e32 -> 
  custom:video-decoder-ogg-theora: a1e56fd34408186e4bbccfd4996cb3dc -> 
  custom:container-muxer-webm: aa71ff27fc2769a1b78a27578f13a17b -> 
  custom:container-demuxer-webm: 4f35f7cbe854078d1ac9338744f61a02 -> 
  custom:container-demuxer-ogg: 62fdf1f143b41e24485cea50d1cbac27 -> 
  custom:video-encoder-webm-vp8: eb34c28f22e8b96e1ab97ce403110664 -> 
  custom:video-decoder-webm-vp8: 9c59270c3fd7afecdb556c50c9e8de78 -> 
  custom:audio-decoder-ogg-vorbis: bf7c407c2cedff20999df2af8eb42d56 -> 
  custom:audio-encoder-webm-vorbis: bf7c407c2cedff20999df2af8eb42d56 -> 
========================================================================
Received Import Request.
  path: Assets/male.fbx
  artifactKey: Guid(b9da6ff478cf16042b536bcd245a8672) Importer(815301076,1909f56bfc062723c751e8b465ee728b)
Start importing Assets/male.fbx using Guid(b9da6ff478cf16042b536bcd245a8672) Importer(815301076,1909f56bfc062723c751e8b465ee728b)  -> (artifact id: 'c99e34327f1bce03ad2ac052cda44001') in 0.269228 seconds 
  Import took 0.288603 seconds .

========================================================================
Received Import Request.
  Time since last request: 53.582394 seconds.
  path: Assets/male.fbx
  artifactKey: Guid(b9da6ff478cf16042b536bcd245a8672) Importer(815301076,1909f56bfc062723c751e8b465ee728b)
Start importing Assets/male.fbx using Guid(b9da6ff478cf16042b536bcd245a8672) Importer(815301076,1909f56bfc062723c751e8b465ee728b)  -> (artifact id: '14b44e850ad5cfe7936fb15dbceccb6b') in 0.043506 seconds 
  Import took 0.199814 seconds .

========================================================================
Received Prepare
Registering precompiled user dll's ...
Registered in 0.126524 seconds.
Begin MonoManager ReloadAssembly
Native extension for WindowsStandalone target not found
Native extension for WebGL target not found
Refreshing native plugins compatible for Editor in 0.48 ms, found 2 plugins.
Preloading 0 native plugins for Editor in 0.00 ms.
Mono: successfully reloaded assembly
- Completed reload, in  1.142 seconds
Domain Reload Profiling:
	ReloadAssembly (1142ms)
		BeginReloadAssembly (95ms)
			ExecutionOrderSort (0ms)
			DisableScriptedObjects (3ms)
			BackupInstance (0ms)
			ReleaseScriptingObjects (0ms)
			CreateAndSetChildDomain (31ms)
		EndReloadAssembly (992ms)
			LoadAssemblies (320ms)
			RebuildTransferFunctionScriptingTraits (0ms)
			SetupTypeCache (263ms)
			ReleaseScriptCaches (1ms)
			RebuildScriptCaches (39ms)
			SetupLoadedEditorAssemblies (280ms)
				LogAssemblyErrors (0ms)
				InitializePlatformSupportModulesInManaged (5ms)
				SetLoadedEditorAssemblies (0ms)
				RefreshPlugins (1ms)
				BeforeProcessingInitializeOnLoad (75ms)
				ProcessInitializeOnLoadAttributes (182ms)
				ProcessInitializeOnLoadMethodAttributes (10ms)
				AfterProcessingInitializeOnLoad (6ms)
				EditorAssembliesLoaded (0ms)
			ExecutionOrderSort2 (0ms)
			AwakeInstancesAfterBackupRestoration (5ms)
Platform modules already initialized, skipping
Refreshing native plugins compatible for Editor in 0.44 ms, found 2 plugins.
Preloading 0 native plugins for Editor in 0.00 ms.
Unloading 1845 Unused Serialized files (Serialized files now loaded: 0)
System memory in use before: 98.5 MB.
System memory in use after: 98.6 MB.

Unloading 16 unused Assets to reduce memory usage. Loaded Objects now: 2329.
Total: 3.443800 ms (FindLiveObjects: 0.188300 ms CreateObjectMapping: 0.045600 ms MarkObjects: 3.181900 ms  DeleteObjects: 0.026500 ms)

AssetImportParameters requested are different than current active one (requested -> active):
  custom:framework-win-MediaFoundation: 216162199b28c13a410421893ffa2e32 -> 
  custom:video-decoder-ogg-theora: a1e56fd34408186e4bbccfd4996cb3dc -> 
  custom:container-muxer-webm: aa71ff27fc2769a1b78a27578f13a17b -> 
  custom:container-demuxer-webm: 4f35f7cbe854078d1ac9338744f61a02 -> 
  custom:container-demuxer-ogg: 62fdf1f143b41e24485cea50d1cbac27 -> 
  custom:video-encoder-webm-vp8: eb34c28f22e8b96e1ab97ce403110664 -> 
  custom:video-decoder-webm-vp8: 9c59270c3fd7afecdb556c50c9e8de78 -> 
  custom:audio-decoder-ogg-vorbis: bf7c407c2cedff20999df2af8eb42d56 -> 
  custom:audio-encoder-webm-vorbis: bf7c407c2cedff20999df2af8eb42d56 -> 
========================================================================
Received Prepare
Registering precompiled user dll's ...
Registered in 0.004928 seconds.
Begin MonoManager ReloadAssembly
Native extension for WindowsStandalone target not found
Native extension for WebGL target not found
Refreshing native plugins compatible for Editor in 0.46 ms, found 2 plugins.
Preloading 0 native plugins for Editor in 0.00 ms.
Mono: successfully reloaded assembly
- Completed reload, in  1.004 seconds
Domain Reload Profiling:
	ReloadAssembly (1004ms)
		BeginReloadAssembly (119ms)
			ExecutionOrderSort (0ms)
			DisableScriptedObjects (4ms)
			BackupInstance (0ms)
			ReleaseScriptingObjects (0ms)
			CreateAndSetChildDomain (35ms)
		EndReloadAssembly (821ms)
			LoadAssemblies (96ms)
			RebuildTransferFunctionScriptingTraits (0ms)
			SetupTypeCache (299ms)
			ReleaseScriptCaches (1ms)
			RebuildScriptCaches (50ms)
			SetupLoadedEditorAssemblies (289ms)
				LogAssemblyErrors (0ms)
				InitializePlatformSupportModulesInManaged (5ms)
				SetLoadedEditorAssemblies (0ms)
				RefreshPlugins (1ms)
				BeforeProcessingInitializeOnLoad (77ms)
				ProcessInitializeOnLoadAttributes (191ms)
				ProcessInitializeOnLoadMethodAttributes (9ms)
				AfterProcessingInitializeOnLoad (7ms)
				EditorAssembliesLoaded (0ms)
			ExecutionOrderSort2 (0ms)
			AwakeInstancesAfterBackupRestoration (6ms)
Platform modules already initialized, skipping
Refreshing native plugins compatible for Editor in 0.45 ms, found 2 plugins.
Preloading 0 native plugins for Editor in 0.00 ms.
Unloading 1845 Unused Serialized files (Serialized files now loaded: 0)
System memory in use before: 98.5 MB.
System memory in use after: 98.6 MB.

Unloading 16 unused Assets to reduce memory usage. Loaded Objects now: 2331.
Total: 3.398000 ms (FindLiveObjects: 0.231400 ms CreateObjectMapping: 0.066600 ms MarkObjects: 3.080400 ms  DeleteObjects: 0.017900 ms)

AssetImportParameters requested are different than current active one (requested -> active):
  custom:framework-win-MediaFoundation: 216162199b28c13a410421893ffa2e32 -> 
  custom:video-decoder-ogg-theora: a1e56fd34408186e4bbccfd4996cb3dc -> 
  custom:container-muxer-webm: aa71ff27fc2769a1b78a27578f13a17b -> 
  custom:container-demuxer-webm: 4f35f7cbe854078d1ac9338744f61a02 -> 
  custom:container-demuxer-ogg: 62fdf1f143b41e24485cea50d1cbac27 -> 
  custom:video-encoder-webm-vp8: eb34c28f22e8b96e1ab97ce403110664 -> 
  custom:video-decoder-webm-vp8: 9c59270c3fd7afecdb556c50c9e8de78 -> 
  custom:audio-decoder-ogg-vorbis: bf7c407c2cedff20999df2af8eb42d56 -> 
  custom:audio-encoder-webm-vorbis: bf7c407c2cedff20999df2af8eb42d56 -> 
========================================================================
Received Prepare
Registering precompiled user dll's ...
Registered in 0.003888 seconds.
Begin MonoManager ReloadAssembly
Native extension for WindowsStandalone target not found
Native extension for WebGL target not found
Refreshing native plugins compatible for Editor in 0.60 ms, found 2 plugins.
Preloading 0 native plugins for Editor in 0.00 ms.
Mono: successfully reloaded assembly
- Completed reload, in  0.909 seconds
Domain Reload Profiling:
	ReloadAssembly (909ms)
		BeginReloadAssembly (92ms)
			ExecutionOrderSort (0ms)
			DisableScriptedObjects (4ms)
			BackupInstance (0ms)
			ReleaseScriptingObjects (0ms)
			CreateAndSetChildDomain (30ms)
		EndReloadAssembly (759ms)
			LoadAssemblies (74ms)
			RebuildTransferFunctionScriptingTraits (0ms)
			SetupTypeCache (258ms)
			ReleaseScriptCaches (1ms)
			RebuildScriptCaches (40ms)
			SetupLoadedEditorAssemblies (287ms)
				LogAssemblyErrors (0ms)
				InitializePlatformSupportModulesInManaged (6ms)
				SetLoadedEditorAssemblies (1ms)
				RefreshPlugins (1ms)
				BeforeProcessingInitializeOnLoad (82ms)
				ProcessInitializeOnLoadAttributes (184ms)
				ProcessInitializeOnLoadMethodAttributes (7ms)
				AfterProcessingInitializeOnLoad (6ms)
				EditorAssembliesLoaded (0ms)
			ExecutionOrderSort2 (0ms)
			AwakeInstancesAfterBackupRestoration (5ms)
Platform modules already initialized, skipping
Refreshing native plugins compatible for Editor in 0.44 ms, found 2 plugins.
Preloading 0 native plugins for Editor in 0.00 ms.
Unloading 1845 Unused Serialized files (Serialized files now loaded: 0)
System memory in use before: 98.5 MB.
System memory in use after: 98.6 MB.

Unloading 16 unused Assets to reduce memory usage. Loaded Objects now: 2333.
Total: 2.995800 ms (FindLiveObjects: 0.251900 ms CreateObjectMapping: 0.048000 ms MarkObjects: 2.681800 ms  DeleteObjects: 0.013200 ms)

AssetImportParameters requested are different than current active one (requested -> active):
  custom:framework-win-MediaFoundation: 216162199b28c13a410421893ffa2e32 -> 
  custom:video-decoder-ogg-theora: a1e56fd34408186e4bbccfd4996cb3dc -> 
  custom:container-muxer-webm: aa71ff27fc2769a1b78a27578f13a17b -> 
  custom:container-demuxer-webm: 4f35f7cbe854078d1ac9338744f61a02 -> 
  custom:container-demuxer-ogg: 62fdf1f143b41e24485cea50d1cbac27 -> 
  custom:video-encoder-webm-vp8: eb34c28f22e8b96e1ab97ce403110664 -> 
  custom:video-decoder-webm-vp8: 9c59270c3fd7afecdb556c50c9e8de78 -> 
  custom:audio-decoder-ogg-vorbis: bf7c407c2cedff20999df2af8eb42d56 -> 
  custom:audio-encoder-webm-vorbis: bf7c407c2cedff20999df2af8eb42d56 -> 
========================================================================
Received Import Request.
  Time since last request: 1477.000517 seconds.
  path: Assets/Art/Humanoid.controller
  artifactKey: Guid(af0773522969ef94b9a47d53e46c39d6) Importer(815301076,1909f56bfc062723c751e8b465ee728b)
Start importing Assets/Art/Humanoid.controller using Guid(af0773522969ef94b9a47d53e46c39d6) Importer(815301076,1909f56bfc062723c751e8b465ee728b)  -> (artifact id: 'bb2c274f7ea17d3f65a4dd09d0a427e6') in 0.931161 seconds 
  Import took 0.973415 seconds .

========================================================================
Received Import Request.
  Time since last request: 14.446722 seconds.
  path: Assets/Art/Models/Player Model/LowPolyMan.fbx
  artifactKey: Guid(e79d7f0a151e50147a26918e53e40483) Importer(815301076,1909f56bfc062723c751e8b465ee728b)
Start importing Assets/Art/Models/Player Model/LowPolyMan.fbx using Guid(e79d7f0a151e50147a26918e53e40483) Importer(815301076,1909f56bfc062723c751e8b465ee728b)  -> (artifact id: '4c3c48da4ffaeb7868eb3b4f9ab1e258') in 0.176816 seconds 
  Import took 0.183927 seconds .

========================================================================
Received Prepare
Registering precompiled user dll's ...
Registered in 0.026493 seconds.
Begin MonoManager ReloadAssembly
Native extension for WindowsStandalone target not found
Native extension for WebGL target not found
Refreshing native plugins compatible for Editor in 0.53 ms, found 2 plugins.
Preloading 0 native plugins for Editor in 0.00 ms.
Mono: successfully reloaded assembly
- Completed reload, in  1.016 seconds
Domain Reload Profiling:
	ReloadAssembly (1016ms)
		BeginReloadAssembly (115ms)
			ExecutionOrderSort (0ms)
			DisableScriptedObjects (3ms)
			BackupInstance (0ms)
			ReleaseScriptingObjects (0ms)
			CreateAndSetChildDomain (34ms)
		EndReloadAssembly (838ms)
			LoadAssemblies (87ms)
			RebuildTransferFunctionScriptingTraits (0ms)
			SetupTypeCache (315ms)
			ReleaseScriptCaches (2ms)
			RebuildScriptCaches (42ms)
			SetupLoadedEditorAssemblies (301ms)
				LogAssemblyErrors (0ms)
				InitializePlatformSupportModulesInManaged (6ms)
				SetLoadedEditorAssemblies (0ms)
				RefreshPlugins (1ms)
				BeforeProcessingInitializeOnLoad (85ms)
				ProcessInitializeOnLoadAttributes (194ms)
				ProcessInitializeOnLoadMethodAttributes (8ms)
				AfterProcessingInitializeOnLoad (6ms)
				EditorAssembliesLoaded (0ms)
			ExecutionOrderSort2 (0ms)
			AwakeInstancesAfterBackupRestoration (6ms)
Platform modules already initialized, skipping
Refreshing native plugins compatible for Editor in 0.61 ms, found 2 plugins.
Preloading 0 native plugins for Editor in 0.00 ms.
Unloading 1845 Unused Serialized files (Serialized files now loaded: 0)
System memory in use before: 98.6 MB.
System memory in use after: 98.7 MB.

Unloading 16 unused Assets to reduce memory usage. Loaded Objects now: 2336.
Total: 3.635300 ms (FindLiveObjects: 0.210800 ms CreateObjectMapping: 0.047600 ms MarkObjects: 3.356000 ms  DeleteObjects: 0.019300 ms)

AssetImportParameters requested are different than current active one (requested -> active):
  custom:framework-win-MediaFoundation: 216162199b28c13a410421893ffa2e32 -> 
  custom:video-decoder-ogg-theora: a1e56fd34408186e4bbccfd4996cb3dc -> 
  custom:container-muxer-webm: aa71ff27fc2769a1b78a27578f13a17b -> 
  custom:container-demuxer-webm: 4f35f7cbe854078d1ac9338744f61a02 -> 
  custom:container-demuxer-ogg: 62fdf1f143b41e24485cea50d1cbac27 -> 
  custom:video-encoder-webm-vp8: eb34c28f22e8b96e1ab97ce403110664 -> 
  custom:video-decoder-webm-vp8: 9c59270c3fd7afecdb556c50c9e8de78 -> 
  custom:audio-decoder-ogg-vorbis: bf7c407c2cedff20999df2af8eb42d56 -> 
  custom:audio-encoder-webm-vorbis: bf7c407c2cedff20999df2af8eb42d56 -> 
========================================================================
Received Import Request.
  Time since last request: 20.043045 seconds.
  path: Assets/Art/Models/Player Model/LowPolyMan.fbx
  artifactKey: Guid(e79d7f0a151e50147a26918e53e40483) Importer(815301076,1909f56bfc062723c751e8b465ee728b)
Start importing Assets/Art/Models/Player Model/LowPolyMan.fbx using Guid(e79d7f0a151e50147a26918e53e40483) Importer(815301076,1909f56bfc062723c751e8b465ee728b)  -> (artifact id: 'a025477ac261e14c91a11694ebca5e91') in 0.201864 seconds 
  Import took 0.221378 seconds .

========================================================================
Received Prepare
Registering precompiled user dll's ...
Registered in 0.003959 seconds.
Begin MonoManager ReloadAssembly
Native extension for WindowsStandalone target not found
Native extension for WebGL target not found
Refreshing native plugins compatible for Editor in 0.44 ms, found 2 plugins.
Preloading 0 native plugins for Editor in 0.00 ms.
Mono: successfully reloaded assembly
- Completed reload, in  0.891 seconds
Domain Reload Profiling:
	ReloadAssembly (891ms)
		BeginReloadAssembly (99ms)
			ExecutionOrderSort (0ms)
			DisableScriptedObjects (3ms)
			BackupInstance (0ms)
			ReleaseScriptingObjects (0ms)
			CreateAndSetChildDomain (31ms)
		EndReloadAssembly (734ms)
			LoadAssemblies (78ms)
			RebuildTransferFunctionScriptingTraits (0ms)
			SetupTypeCache (253ms)
			ReleaseScriptCaches (1ms)
			RebuildScriptCaches (37ms)
			SetupLoadedEditorAssemblies (279ms)
				LogAssemblyErrors (0ms)
				InitializePlatformSupportModulesInManaged (5ms)
				SetLoadedEditorAssemblies (0ms)
				RefreshPlugins (0ms)
				BeforeProcessingInitializeOnLoad (77ms)
				ProcessInitializeOnLoadAttributes (182ms)
				ProcessInitializeOnLoadMethodAttributes (7ms)
				AfterProcessingInitializeOnLoad (6ms)
				EditorAssembliesLoaded (0ms)
			ExecutionOrderSort2 (0ms)
			AwakeInstancesAfterBackupRestoration (6ms)
Platform modules already initialized, skipping
Refreshing native plugins compatible for Editor in 0.44 ms, found 2 plugins.
Preloading 0 native plugins for Editor in 0.00 ms.
Unloading 1845 Unused Serialized files (Serialized files now loaded: 0)
System memory in use before: 98.6 MB.
System memory in use after: 98.7 MB.

Unloading 16 unused Assets to reduce memory usage. Loaded Objects now: 2339.
Total: 3.134300 ms (FindLiveObjects: 0.186000 ms CreateObjectMapping: 0.046200 ms MarkObjects: 2.883200 ms  DeleteObjects: 0.017800 ms)

AssetImportParameters requested are different than current active one (requested -> active):
  custom:framework-win-MediaFoundation: 216162199b28c13a410421893ffa2e32 -> 
  custom:video-decoder-ogg-theora: a1e56fd34408186e4bbccfd4996cb3dc -> 
  custom:container-muxer-webm: aa71ff27fc2769a1b78a27578f13a17b -> 
  custom:container-demuxer-webm: 4f35f7cbe854078d1ac9338744f61a02 -> 
  custom:container-demuxer-ogg: 62fdf1f143b41e24485cea50d1cbac27 -> 
  custom:video-encoder-webm-vp8: eb34c28f22e8b96e1ab97ce403110664 -> 
  custom:video-decoder-webm-vp8: 9c59270c3fd7afecdb556c50c9e8de78 -> 
  custom:audio-decoder-ogg-vorbis: bf7c407c2cedff20999df2af8eb42d56 -> 
  custom:audio-encoder-webm-vorbis: bf7c407c2cedff20999df2af8eb42d56 -> 
========================================================================
Received Import Request.
  Time since last request: 17.155274 seconds.
  path: Assets/Art/Models/Player Model/LowPolyMan.fbx
  artifactKey: Guid(e79d7f0a151e50147a26918e53e40483) Importer(815301076,1909f56bfc062723c751e8b465ee728b)
Start importing Assets/Art/Models/Player Model/LowPolyMan.fbx using Guid(e79d7f0a151e50147a26918e53e40483) Importer(815301076,1909f56bfc062723c751e8b465ee728b)  -> (artifact id: '2d8415856a02113e8e88bf20a181862e') in 0.198351 seconds 
  Import took 0.227986 seconds .

========================================================================
Received Import Request.
  Time since last request: 13.944468 seconds.
  path: Assets/Art/Models/Player Model/LowPolyMan.fbx
  artifactKey: Guid(e79d7f0a151e50147a26918e53e40483) Importer(815301076,1909f56bfc062723c751e8b465ee728b)
Start importing Assets/Art/Models/Player Model/LowPolyMan.fbx using Guid(e79d7f0a151e50147a26918e53e40483) Importer(815301076,1909f56bfc062723c751e8b465ee728b)  -> (artifact id: 'e04478043401f146cd0b871a4f332d49') in 0.206103 seconds 
  Import took 0.235074 seconds .

========================================================================
Received Prepare
Registering precompiled user dll's ...
Registered in 0.165779 seconds.
Begin MonoManager ReloadAssembly
Native extension for WindowsStandalone target not found
Native extension for WebGL target not found
Refreshing native plugins compatible for Editor in 0.45 ms, found 2 plugins.
Preloading 0 native plugins for Editor in 0.00 ms.
Mono: successfully reloaded assembly
- Completed reload, in  0.980 seconds
Domain Reload Profiling:
	ReloadAssembly (981ms)
		BeginReloadAssembly (109ms)
			ExecutionOrderSort (0ms)
			DisableScriptedObjects (4ms)
			BackupInstance (0ms)
			ReleaseScriptingObjects (0ms)
			CreateAndSetChildDomain (34ms)
		EndReloadAssembly (810ms)
			LoadAssemblies (80ms)
			RebuildTransferFunctionScriptingTraits (0ms)
			SetupTypeCache (300ms)
			ReleaseScriptCaches (1ms)
			RebuildScriptCaches (41ms)
			SetupLoadedEditorAssemblies (300ms)
				LogAssemblyErrors (0ms)
				InitializePlatformSupportModulesInManaged (6ms)
				SetLoadedEditorAssemblies (0ms)
				RefreshPlugins (1ms)
				BeforeProcessingInitializeOnLoad (89ms)
				ProcessInitializeOnLoadAttributes (190ms)
				ProcessInitializeOnLoadMethodAttributes (8ms)
				AfterProcessingInitializeOnLoad (6ms)
				EditorAssembliesLoaded (0ms)
			ExecutionOrderSort2 (0ms)
			AwakeInstancesAfterBackupRestoration (6ms)
Platform modules already initialized, skipping
Refreshing native plugins compatible for Editor in 0.50 ms, found 2 plugins.
Preloading 0 native plugins for Editor in 0.00 ms.
Unloading 1848 Unused Serialized files (Serialized files now loaded: 0)
System memory in use before: 98.8 MB.
System memory in use after: 98.9 MB.

Unloading 16 unused Assets to reduce memory usage. Loaded Objects now: 2345.
Total: 3.452900 ms (FindLiveObjects: 0.199700 ms CreateObjectMapping: 0.046700 ms MarkObjects: 3.149100 ms  DeleteObjects: 0.056000 ms)

AssetImportParameters requested are different than current active one (requested -> active):
  custom:framework-win-MediaFoundation: 216162199b28c13a410421893ffa2e32 -> 
  custom:video-decoder-ogg-theora: a1e56fd34408186e4bbccfd4996cb3dc -> 
  custom:container-muxer-webm: aa71ff27fc2769a1b78a27578f13a17b -> 
  custom:container-demuxer-webm: 4f35f7cbe854078d1ac9338744f61a02 -> 
  custom:container-demuxer-ogg: 62fdf1f143b41e24485cea50d1cbac27 -> 
  custom:video-encoder-webm-vp8: eb34c28f22e8b96e1ab97ce403110664 -> 
  custom:video-decoder-webm-vp8: 9c59270c3fd7afecdb556c50c9e8de78 -> 
  custom:audio-decoder-ogg-vorbis: bf7c407c2cedff20999df2af8eb42d56 -> 
  custom:audio-encoder-webm-vorbis: bf7c407c2cedff20999df2af8eb42d56 -> 
========================================================================
Received Import Request.
  Time since last request: 1984.340991 seconds.
  path: Assets/Scripts/DamagePlayer.cs
  artifactKey: Guid(70f62e5541f22484b8dc66e15c02b503) Importer(815301076,1909f56bfc062723c751e8b465ee728b)
Start importing Assets/Scripts/DamagePlayer.cs using Guid(70f62e5541f22484b8dc66e15c02b503) Importer(815301076,1909f56bfc062723c751e8b465ee728b)  -> (artifact id: '12411eb280ca2456e74f63106c8662f5') in 0.055293 seconds 
  Import took 0.074047 seconds .

========================================================================
Received Prepare
Registering precompiled user dll's ...
Registered in 0.004358 seconds.
Begin MonoManager ReloadAssembly
Native extension for WindowsStandalone target not found
Native extension for WebGL target not found
Refreshing native plugins compatible for Editor in 0.70 ms, found 2 plugins.
Preloading 0 native plugins for Editor in 0.00 ms.
Mono: successfully reloaded assembly
- Completed reload, in  0.999 seconds
Domain Reload Profiling:
	ReloadAssembly (999ms)
		BeginReloadAssembly (109ms)
			ExecutionOrderSort (0ms)
			DisableScriptedObjects (4ms)
			BackupInstance (0ms)
			ReleaseScriptingObjects (0ms)
			CreateAndSetChildDomain (35ms)
		EndReloadAssembly (828ms)
			LoadAssemblies (80ms)
			RebuildTransferFunctionScriptingTraits (0ms)
			SetupTypeCache (299ms)
			ReleaseScriptCaches (2ms)
			RebuildScriptCaches (42ms)
			SetupLoadedEditorAssemblies (311ms)
				LogAssemblyErrors (0ms)
				InitializePlatformSupportModulesInManaged (6ms)
				SetLoadedEditorAssemblies (0ms)
				RefreshPlugins (1ms)
				BeforeProcessingInitializeOnLoad (85ms)
				ProcessInitializeOnLoadAttributes (204ms)
				ProcessInitializeOnLoadMethodAttributes (8ms)
				AfterProcessingInitializeOnLoad (7ms)
				EditorAssembliesLoaded (0ms)
			ExecutionOrderSort2 (0ms)
			AwakeInstancesAfterBackupRestoration (7ms)
Platform modules already initialized, skipping
Refreshing native plugins compatible for Editor in 0.61 ms, found 2 plugins.
Preloading 0 native plugins for Editor in 0.00 ms.
Unloading 1849 Unused Serialized files (Serialized files now loaded: 0)
System memory in use before: 98.8 MB.
System memory in use after: 98.9 MB.

Unloading 16 unused Assets to reduce memory usage. Loaded Objects now: 2348.
Total: 3.338400 ms (FindLiveObjects: 0.204300 ms CreateObjectMapping: 0.047000 ms MarkObjects: 3.055000 ms  DeleteObjects: 0.029900 ms)

AssetImportParameters requested are different than current active one (requested -> active):
  custom:framework-win-MediaFoundation: 216162199b28c13a410421893ffa2e32 -> 
  custom:video-decoder-ogg-theora: a1e56fd34408186e4bbccfd4996cb3dc -> 
  custom:container-muxer-webm: aa71ff27fc2769a1b78a27578f13a17b -> 
  custom:container-demuxer-webm: 4f35f7cbe854078d1ac9338744f61a02 -> 
  custom:container-demuxer-ogg: 62fdf1f143b41e24485cea50d1cbac27 -> 
  custom:video-encoder-webm-vp8: eb34c28f22e8b96e1ab97ce403110664 -> 
  custom:video-decoder-webm-vp8: 9c59270c3fd7afecdb556c50c9e8de78 -> 
  custom:audio-decoder-ogg-vorbis: bf7c407c2cedff20999df2af8eb42d56 -> 
  custom:audio-encoder-webm-vorbis: bf7c407c2cedff20999df2af8eb42d56 -> 
========================================================================
Received Import Request.
  Time since last request: 525.811480 seconds.
  path: Assets/TinyFire VFX
  artifactKey: Guid(1f5c152b2fd3d5e44bbea9adda8bf090) Importer(815301076,1909f56bfc062723c751e8b465ee728b)
Start importing Assets/TinyFire VFX using Guid(1f5c152b2fd3d5e44bbea9adda8bf090) Importer(815301076,1909f56bfc062723c751e8b465ee728b)  -> (artifact id: '290735ffc90e826105098c0bf120014a') in 0.011566 seconds 
  Import took 0.016283 seconds .

========================================================================
Received Import Request.
  Time since last request: 1.425415 seconds.
  path: Assets/TinyFire VFX/Prefabs
  artifactKey: Guid(7bc06d91b91c70e4cbceb1db644f91dc) Importer(815301076,1909f56bfc062723c751e8b465ee728b)
Start importing Assets/TinyFire VFX/Prefabs using Guid(7bc06d91b91c70e4cbceb1db644f91dc) Importer(815301076,1909f56bfc062723c751e8b465ee728b)  -> (artifact id: '213b223ba81e296ffd9138a4ff5b0096') in 0.036620 seconds 
  Import took 0.162685 seconds .

========================================================================
Received Import Request.
  Time since last request: 0.540555 seconds.
  path: Assets/TinyFire VFX/Prefabs/TinyFire
  artifactKey: Guid(904e76c73de77744ab5b8d96cb10ea84) Importer(815301076,1909f56bfc062723c751e8b465ee728b)
Start importing Assets/TinyFire VFX/Prefabs/TinyFire using Guid(904e76c73de77744ab5b8d96cb10ea84) Importer(815301076,1909f56bfc062723c751e8b465ee728b)  -> (artifact id: 'c1f1163013334cf640063ec7d5484e81') in 0.011373 seconds 
  Import took 0.181753 seconds .

========================================================================
Received Import Request.
  Time since last request: 0.000176 seconds.
  path: Assets/TinyFire VFX/Prefabs/TinyFire/TinyFire5_Chaos.prefab
  artifactKey: Guid(95ac769aad76e4841a39786fa2a5bad6) Importer(815301076,1909f56bfc062723c751e8b465ee728b)
Start importing Assets/TinyFire VFX/Prefabs/TinyFire/TinyFire5_Chaos.prefab using Guid(95ac769aad76e4841a39786fa2a5bad6) Importer(815301076,1909f56bfc062723c751e8b465ee728b)  -> (artifact id: 'c10260c2c7d306b78e1ffa8d9843410f') in 0.197881 seconds 
  Import took 0.205319 seconds .

========================================================================
Received Import Request.
  Time since last request: 0.000233 seconds.
  path: Assets/TinyFire VFX/Prefabs/TinyFire/TinyFire4_Strong.prefab
  artifactKey: Guid(319437fb67fb92841a70ce64636aae0e) Importer(815301076,1909f56bfc062723c751e8b465ee728b)
Start importing Assets/TinyFire VFX/Prefabs/TinyFire/TinyFire4_Strong.prefab using Guid(319437fb67fb92841a70ce64636aae0e) Importer(815301076,1909f56bfc062723c751e8b465ee728b)  -> (artifact id: '5150d2da59fab5055cde1995aea13079') in 0.018932 seconds 
  Import took 0.078435 seconds .

========================================================================
Received Import Request.
  Time since last request: 0.000185 seconds.
  path: Assets/TinyFire VFX/Prefabs/TinyFire/TinyFire_Chaos.prefab
  artifactKey: Guid(9a8f452007ea2fc46a2991278311f5bf) Importer(815301076,1909f56bfc062723c751e8b465ee728b)
Start importing Assets/TinyFire VFX/Prefabs/TinyFire/TinyFire_Chaos.prefab using Guid(9a8f452007ea2fc46a2991278311f5bf) Importer(815301076,1909f56bfc062723c751e8b465ee728b)  -> (artifact id: 'cbdab18dc0aea5127d889336216f39b2') in 0.021237 seconds 
  Import took 0.025978 seconds .

========================================================================
Received Import Request.
  Time since last request: 0.000262 seconds.
  path: Assets/TinyFire VFX/Prefabs/TinyFire/TinyFire5_Strong.prefab
  artifactKey: Guid(3172b52d19aa1fd4e891a549141af8a5) Importer(815301076,1909f56bfc062723c751e8b465ee728b)
Start importing Assets/TinyFire VFX/Prefabs/TinyFire/TinyFire5_Strong.prefab using Guid(3172b52d19aa1fd4e891a549141af8a5) Importer(815301076,1909f56bfc062723c751e8b465ee728b)  -> (artifact id: '9c92dd505f7c3253cdc6eeab09e6eb8e') in 0.020407 seconds 
  Import took 0.025052 seconds .

========================================================================
Received Import Request.
  Time since last request: 0.001609 seconds.
  path: Assets/TinyFire VFX/Prefabs/TinyFire/TinyFire3_Strong.prefab
  artifactKey: Guid(dbb43018d5aa7a94c8b6e3de5401eabc) Importer(815301076,1909f56bfc062723c751e8b465ee728b)
Start importing Assets/TinyFire VFX/Prefabs/TinyFire/TinyFire3_Strong.prefab using Guid(dbb43018d5aa7a94c8b6e3de5401eabc) Importer(815301076,1909f56bfc062723c751e8b465ee728b)  -> (artifact id: '5260db7ca34e4ab735accb3bf08ec0ab') in 0.018523 seconds 
  Import took 0.035862 seconds .

========================================================================
Received Import Request.
  Time since last request: 0.000175 seconds.
  path: Assets/TinyFire VFX/Prefabs/TinyFire/TinyFire4_Poison.prefab
  artifactKey: Guid(b3773ccca8d7d774c9bf326cb52a5d50) Importer(815301076,1909f56bfc062723c751e8b465ee728b)
Start importing Assets/TinyFire VFX/Prefabs/TinyFire/TinyFire4_Poison.prefab using Guid(b3773ccca8d7d774c9bf326cb52a5d50) Importer(815301076,1909f56bfc062723c751e8b465ee728b)  -> (artifact id: '108edd9fae4e847aff1e9af090f37d7a') in 0.021382 seconds 
  Import took 0.025706 seconds .

========================================================================
Received Import Request.
  Time since last request: 0.000273 seconds.
  path: Assets/TinyFire VFX/Prefabs/TinyFire/TinyFire4_Darkness.prefab
  artifactKey: Guid(feded0465999c1548bda62e4c1777240) Importer(815301076,1909f56bfc062723c751e8b465ee728b)
Start importing Assets/TinyFire VFX/Prefabs/TinyFire/TinyFire4_Darkness.prefab using Guid(feded0465999c1548bda62e4c1777240) Importer(815301076,1909f56bfc062723c751e8b465ee728b)  -> (artifact id: '84d412bae2bc9af21379e95a5aa070f0') in 0.023761 seconds 
  Import took 0.030579 seconds .

========================================================================
Received Import Request.
  Time since last request: 0.000184 seconds.
  path: Assets/TinyFire VFX/Prefabs/TinyFire/TinyFire3_Chaos.prefab
  artifactKey: Guid(c94ca14725391464789de4e88007608c) Importer(815301076,1909f56bfc062723c751e8b465ee728b)
Start importing Assets/TinyFire VFX/Prefabs/TinyFire/TinyFire3_Chaos.prefab using Guid(c94ca14725391464789de4e88007608c) Importer(815301076,1909f56bfc062723c751e8b465ee728b)  -> (artifact id: '2ea27355a5e2cdf9c28fe0f098362812') in 0.021265 seconds 
  Import took 0.093914 seconds .

========================================================================
Received Import Request.
  Time since last request: 0.000220 seconds.
  path: Assets/TinyFire VFX/Prefabs/TinyFire/TinyFire5_Poison.prefab
  artifactKey: Guid(5e29a2120ef49e248bb0b0e7084dfef1) Importer(815301076,1909f56bfc062723c751e8b465ee728b)
Start importing Assets/TinyFire VFX/Prefabs/TinyFire/TinyFire5_Poison.prefab using Guid(5e29a2120ef49e248bb0b0e7084dfef1) Importer(815301076,1909f56bfc062723c751e8b465ee728b)  -> (artifact id: 'd5fb0a5e77e1f9de70b806d6f755ded6') in 0.019151 seconds 
  Import took 0.092284 seconds .

========================================================================
Received Import Request.
  Time since last request: 0.000177 seconds.
  path: Assets/TinyFire VFX/Prefabs/TinyFire/TinyFire3.prefab
  artifactKey: Guid(9d14d7de57db61f41835c680bbfa27cb) Importer(815301076,1909f56bfc062723c751e8b465ee728b)
Start importing Assets/TinyFire VFX/Prefabs/TinyFire/TinyFire3.prefab using Guid(9d14d7de57db61f41835c680bbfa27cb) Importer(815301076,1909f56bfc062723c751e8b465ee728b)  -> (artifact id: '0d025e3b080a85f7eb1be379e8b1e9a5') in 0.017480 seconds 
  Import took 0.082063 seconds .

========================================================================
Received Import Request.
  Time since last request: 0.001610 seconds.
  path: Assets/TinyFire VFX/Prefabs/TinyFire/TinyFire_Strong.prefab
  artifactKey: Guid(bbc4a54ad54f7134b93f363b469be9a2) Importer(815301076,1909f56bfc062723c751e8b465ee728b)
Start importing Assets/TinyFire VFX/Prefabs/TinyFire/TinyFire_Strong.prefab using Guid(bbc4a54ad54f7134b93f363b469be9a2) Importer(815301076,1909f56bfc062723c751e8b465ee728b)  -> (artifact id: 'ce4e87e54be46e96f2eca15b234be660') in 0.016512 seconds 
  Import took 0.035371 seconds .

========================================================================
Received Import Request.
  Time since last request: 0.000201 seconds.
  path: Assets/TinyFire VFX/Prefabs/TinyFire/TinyFire_Darkness.prefab
  artifactKey: Guid(dbba01d57d0ff0740b532e4ebfc24990) Importer(815301076,1909f56bfc062723c751e8b465ee728b)
Start importing Assets/TinyFire VFX/Prefabs/TinyFire/TinyFire_Darkness.prefab using Guid(dbba01d57d0ff0740b532e4ebfc24990) Importer(815301076,1909f56bfc062723c751e8b465ee728b)  -> (artifact id: '73ef2bc2b4145d7dc8ef39490bdaa028') in 0.019959 seconds 
  Import took 0.024903 seconds .

========================================================================
Received Import Request.
  Time since last request: 0.000282 seconds.
  path: Assets/TinyFire VFX/Prefabs/TinyFire/TinyFire5_Darkness.prefab
  artifactKey: Guid(6f4150168c615304fb5f9a45ae0d3af4) Importer(815301076,1909f56bfc062723c751e8b465ee728b)
Start importing Assets/TinyFire VFX/Prefabs/TinyFire/TinyFire5_Darkness.prefab using Guid(6f4150168c615304fb5f9a45ae0d3af4) Importer(815301076,1909f56bfc062723c751e8b465ee728b)  -> (artifact id: 'f6b3b22542bcb8c9b0ed071495d6ba95') in 0.023296 seconds 
  Import took 0.029718 seconds .

========================================================================
Received Import Request.
  Time since last request: 0.000296 seconds.
  path: Assets/TinyFire VFX/Prefabs/TinyFire/TinyFire3_Poison.prefab
  artifactKey: Guid(fc69ccf3f7f124548ae8d6c7ef37bace) Importer(815301076,1909f56bfc062723c751e8b465ee728b)
Start importing Assets/TinyFire VFX/Prefabs/TinyFire/TinyFire3_Poison.prefab using Guid(fc69ccf3f7f124548ae8d6c7ef37bace) Importer(815301076,1909f56bfc062723c751e8b465ee728b)  -> (artifact id: '9fdb0da0f25d2be827fe549628b73a83') in 0.020128 seconds 
  Import took 0.025719 seconds .

========================================================================
Received Import Request.
  Time since last request: 0.000237 seconds.
  path: Assets/TinyFire VFX/Prefabs/TinyFire/TinyFire5.prefab
  artifactKey: Guid(2c1ddc295978c9e459174099968f3ee5) Importer(815301076,1909f56bfc062723c751e8b465ee728b)
Start importing Assets/TinyFire VFX/Prefabs/TinyFire/TinyFire5.prefab using Guid(2c1ddc295978c9e459174099968f3ee5) Importer(815301076,1909f56bfc062723c751e8b465ee728b)  -> (artifact id: '6df89514fd8b250d79db629bb136465a') in 0.021424 seconds 
  Import took 0.030644 seconds .

========================================================================
Received Import Request.
  Time since last request: 0.000221 seconds.
  path: Assets/TinyFire VFX/Prefabs/TinyFire/TinyFire.prefab
  artifactKey: Guid(28fbc97a4e7e92144af43a4bd05be737) Importer(815301076,1909f56bfc062723c751e8b465ee728b)
Start importing Assets/TinyFire VFX/Prefabs/TinyFire/TinyFire.prefab using Guid(28fbc97a4e7e92144af43a4bd05be737) Importer(815301076,1909f56bfc062723c751e8b465ee728b)  -> (artifact id: 'a1eb533cf149749ff372e9ed8326c281') in 0.018229 seconds 
  Import took 0.024591 seconds .

========================================================================
Received Import Request.
  Time since last request: 0.000184 seconds.
  path: Assets/TinyFire VFX/Prefabs/TinyFire/TinyFire4.prefab
  artifactKey: Guid(54b675d5f2989b94e99fef50f523abc0) Importer(815301076,1909f56bfc062723c751e8b465ee728b)
Start importing Assets/TinyFire VFX/Prefabs/TinyFire/TinyFire4.prefab using Guid(54b675d5f2989b94e99fef50f523abc0) Importer(815301076,1909f56bfc062723c751e8b465ee728b)  -> (artifact id: '91e929e7e4c8dba6b453b5f1f0b97b3f') in 0.026669 seconds 
  Import took 0.029542 seconds .

========================================================================
Received Import Request.
  Time since last request: 0.000218 seconds.
  path: Assets/TinyFire VFX/Prefabs/TinyFire/TinyFire3_Darkness.prefab
  artifactKey: Guid(9217078230ed7494c9380d30e2eec722) Importer(815301076,1909f56bfc062723c751e8b465ee728b)
Start importing Assets/TinyFire VFX/Prefabs/TinyFire/TinyFire3_Darkness.prefab using Guid(9217078230ed7494c9380d30e2eec722) Importer(815301076,1909f56bfc062723c751e8b465ee728b)  -> (artifact id: 'c4597a41804db763b5b4c5156954f7dd') in 0.024066 seconds 
  Import took 0.028661 seconds .

========================================================================
Received Import Request.
  Time since last request: 0.000390 seconds.
  path: Assets/TinyFire VFX/Prefabs/TinyFire/TinyFire_Poison.prefab
  artifactKey: Guid(2dd612cce829d624c9897073b85ead2f) Importer(815301076,1909f56bfc062723c751e8b465ee728b)
Start importing Assets/TinyFire VFX/Prefabs/TinyFire/TinyFire_Poison.prefab using Guid(2dd612cce829d624c9897073b85ead2f) Importer(815301076,1909f56bfc062723c751e8b465ee728b)  -> (artifact id: 'ad55c8e03c9a992c8e53e93de442e2c3') in 0.017681 seconds 
  Import took 0.023142 seconds .

========================================================================
Received Import Request.
  Time since last request: 11.650663 seconds.
  path: Assets/TinyFire VFX/Materials/sphereAlphaMat.mat
  artifactKey: Guid(5b8ee6c2bc63e904a9c093e5781ef20b) Importer(815301076,1909f56bfc062723c751e8b465ee728b)
Start importing Assets/TinyFire VFX/Materials/sphereAlphaMat.mat using Guid(5b8ee6c2bc63e904a9c093e5781ef20b) Importer(815301076,1909f56bfc062723c751e8b465ee728b)  -> (artifact id: '84db7969c331d5043be6e555342c3a44') in 0.034876 seconds 
  Import took 0.039190 seconds .

========================================================================
Received Prepare
Registering precompiled user dll's ...
Registered in 0.011099 seconds.
Begin MonoManager ReloadAssembly
Native extension for WindowsStandalone target not found
Native extension for WebGL target not found
Refreshing native plugins compatible for Editor in 0.66 ms, found 2 plugins.
Preloading 0 native plugins for Editor in 0.00 ms.
Mono: successfully reloaded assembly
- Completed reload, in  1.468 seconds
Domain Reload Profiling:
	ReloadAssembly (1468ms)
		BeginReloadAssembly (162ms)
			ExecutionOrderSort (0ms)
			DisableScriptedObjects (4ms)
			BackupInstance (0ms)
			ReleaseScriptingObjects (0ms)
			CreateAndSetChildDomain (57ms)
		EndReloadAssembly (1218ms)
			LoadAssemblies (124ms)
			RebuildTransferFunctionScriptingTraits (0ms)
			SetupTypeCache (385ms)
			ReleaseScriptCaches (1ms)
			RebuildScriptCaches (61ms)
			SetupLoadedEditorAssemblies (522ms)
				LogAssemblyErrors (0ms)
				InitializePlatformSupportModulesInManaged (9ms)
				SetLoadedEditorAssemblies (0ms)
				RefreshPlugins (1ms)
				BeforeProcessingInitializeOnLoad (129ms)
				ProcessInitializeOnLoadAttributes (359ms)
				ProcessInitializeOnLoadMethodAttributes (13ms)
				AfterProcessingInitializeOnLoad (10ms)
				EditorAssembliesLoaded (1ms)
			ExecutionOrderSort2 (0ms)
			AwakeInstancesAfterBackupRestoration (7ms)
Platform modules already initialized, skipping
Refreshing native plugins compatible for Editor in 0.83 ms, found 2 plugins.
Preloading 0 native plugins for Editor in 0.00 ms.
Unloading 1849 Unused Serialized files (Serialized files now loaded: 0)
System memory in use before: 98.9 MB.
System memory in use after: 99.0 MB.

Unloading 16 unused Assets to reduce memory usage. Loaded Objects now: 2352.
Total: 4.385300 ms (FindLiveObjects: 0.248100 ms CreateObjectMapping: 0.214200 ms MarkObjects: 3.897300 ms  DeleteObjects: 0.024000 ms)

AssetImportParameters requested are different than current active one (requested -> active):
  custom:framework-win-MediaFoundation: 216162199b28c13a410421893ffa2e32 -> 
  custom:video-decoder-ogg-theora: a1e56fd34408186e4bbccfd4996cb3dc -> 
  custom:container-muxer-webm: aa71ff27fc2769a1b78a27578f13a17b -> 
  custom:container-demuxer-webm: 4f35f7cbe854078d1ac9338744f61a02 -> 
  custom:container-demuxer-ogg: 62fdf1f143b41e24485cea50d1cbac27 -> 
  custom:video-encoder-webm-vp8: eb34c28f22e8b96e1ab97ce403110664 -> 
  custom:video-decoder-webm-vp8: 9c59270c3fd7afecdb556c50c9e8de78 -> 
  custom:audio-decoder-ogg-vorbis: bf7c407c2cedff20999df2af8eb42d56 -> 
  custom:audio-encoder-webm-vorbis: bf7c407c2cedff20999df2af8eb42d56 -> 
========================================================================
Received Prepare
Registering precompiled user dll's ...
Registered in 0.042286 seconds.
Begin MonoManager ReloadAssembly
Native extension for WindowsStandalone target not found
Native extension for WebGL target not found
Refreshing native plugins compatible for Editor in 0.47 ms, found 2 plugins.
Preloading 0 native plugins for Editor in 0.00 ms.
Mono: successfully reloaded assembly
- Completed reload, in  1.484 seconds
Domain Reload Profiling:
	ReloadAssembly (1495ms)
		BeginReloadAssembly (546ms)
			ExecutionOrderSort (0ms)
			DisableScriptedObjects (50ms)
			BackupInstance (0ms)
			ReleaseScriptingObjects (0ms)
			CreateAndSetChildDomain (310ms)
		EndReloadAssembly (874ms)
			LoadAssemblies (122ms)
			RebuildTransferFunctionScriptingTraits (0ms)
			SetupTypeCache (304ms)
			ReleaseScriptCaches (1ms)
			RebuildScriptCaches (41ms)
			SetupLoadedEditorAssemblies (310ms)
				LogAssemblyErrors (0ms)
				InitializePlatformSupportModulesInManaged (7ms)
				SetLoadedEditorAssemblies (2ms)
				RefreshPlugins (1ms)
				BeforeProcessingInitializeOnLoad (88ms)
				ProcessInitializeOnLoadAttributes (197ms)
				ProcessInitializeOnLoadMethodAttributes (9ms)
				AfterProcessingInitializeOnLoad (6ms)
				EditorAssembliesLoaded (0ms)
			ExecutionOrderSort2 (0ms)
			AwakeInstancesAfterBackupRestoration (6ms)
Platform modules already initialized, skipping
Refreshing native plugins compatible for Editor in 0.57 ms, found 2 plugins.
Preloading 0 native plugins for Editor in 0.00 ms.
Unloading 1849 Unused Serialized files (Serialized files now loaded: 0)
System memory in use before: 98.9 MB.
System memory in use after: 99.0 MB.

Unloading 16 unused Assets to reduce memory usage. Loaded Objects now: 2354.
Total: 3.668700 ms (FindLiveObjects: 0.300100 ms CreateObjectMapping: 0.066000 ms MarkObjects: 3.254500 ms  DeleteObjects: 0.046000 ms)

AssetImportParameters requested are different than current active one (requested -> active):
  custom:framework-win-MediaFoundation: 216162199b28c13a410421893ffa2e32 -> 
  custom:video-decoder-ogg-theora: a1e56fd34408186e4bbccfd4996cb3dc -> 
  custom:container-muxer-webm: aa71ff27fc2769a1b78a27578f13a17b -> 
  custom:container-demuxer-webm: 4f35f7cbe854078d1ac9338744f61a02 -> 
  custom:container-demuxer-ogg: 62fdf1f143b41e24485cea50d1cbac27 -> 
  custom:video-encoder-webm-vp8: eb34c28f22e8b96e1ab97ce403110664 -> 
  custom:video-decoder-webm-vp8: 9c59270c3fd7afecdb556c50c9e8de78 -> 
  custom:audio-decoder-ogg-vorbis: bf7c407c2cedff20999df2af8eb42d56 -> 
  custom:audio-encoder-webm-vorbis: bf7c407c2cedff20999df2af8eb42d56 -> 
========================================================================
Received Import Request.
  Time since last request: 1925.630529 seconds.
  path: Assets/Pain Gesture.fbx
  artifactKey: Guid(7102ae43267eeeb4f9467f000e5619a1) Importer(815301076,1909f56bfc062723c751e8b465ee728b)
Start importing Assets/Pain Gesture.fbx using Guid(7102ae43267eeeb4f9467f000e5619a1) Importer(815301076,1909f56bfc062723c751e8b465ee728b)  -> (artifact id: 'e33f9114dabdc876efab439ba514f2a1') in 0.089757 seconds 
  Import took 0.098512 seconds .

========================================================================
Received Import Request.
  Time since last request: 0.814365 seconds.
  path: Assets/PlayerControls.cs
  artifactKey: Guid(fb9d398eb46ac1c4e964bfe56b835a3a) Importer(815301076,1909f56bfc062723c751e8b465ee728b)
Start importing Assets/PlayerControls.cs using Guid(fb9d398eb46ac1c4e964bfe56b835a3a) Importer(815301076,1909f56bfc062723c751e8b465ee728b)  -> (artifact id: 'f90b898f7a2fbcbb6281c1dc9a109555') in 0.008178 seconds 
  Import took 0.016450 seconds .

========================================================================
Received Import Request.
  Time since last request: 4.138539 seconds.
  path: Assets/Pain Gesture.fbx
  artifactKey: Guid(7102ae43267eeeb4f9467f000e5619a1) Importer(815301076,1909f56bfc062723c751e8b465ee728b)
Start importing Assets/Pain Gesture.fbx using Guid(7102ae43267eeeb4f9467f000e5619a1) Importer(815301076,1909f56bfc062723c751e8b465ee728b)  -> (artifact id: '4b14091fda5b9e78d9380faade739191') in 0.013952 seconds 
  Import took 0.026651 seconds .

========================================================================
Received Import Request.
  Time since last request: 2.298487 seconds.
  path: Assets/mixamo.com.anim
  artifactKey: Guid(7faff380093328d4fac2de4e806437df) Importer(815301076,1909f56bfc062723c751e8b465ee728b)
Start importing Assets/mixamo.com.anim using Guid(7faff380093328d4fac2de4e806437df) Importer(815301076,1909f56bfc062723c751e8b465ee728b)  -> (artifact id: 'ed527194ed535a1f3033adb28fbd7c50') in 0.036970 seconds 
  Import took 0.041140 seconds .

========================================================================
Received Import Request.
  Time since last request: 10.966596 seconds.
  path: Assets/Hurt.anim
  artifactKey: Guid(7faff380093328d4fac2de4e806437df) Importer(815301076,1909f56bfc062723c751e8b465ee728b)
Start importing Assets/Hurt.anim using Guid(7faff380093328d4fac2de4e806437df) Importer(815301076,1909f56bfc062723c751e8b465ee728b)  -> (artifact id: 'a579a9f07fe98f1085d7f382b9b5aa9b') in 0.041658 seconds 
  Import took 0.147221 seconds .

========================================================================
Received Prepare
Registering precompiled user dll's ...
Registered in 0.019475 seconds.
Begin MonoManager ReloadAssembly
Native extension for WindowsStandalone target not found
Native extension for WebGL target not found
Refreshing native plugins compatible for Editor in 0.47 ms, found 2 plugins.
Preloading 0 native plugins for Editor in 0.00 ms.
Mono: successfully reloaded assembly
- Completed reload, in  0.964 seconds
Domain Reload Profiling:
	ReloadAssembly (965ms)
		BeginReloadAssembly (110ms)
			ExecutionOrderSort (0ms)
			DisableScriptedObjects (5ms)
			BackupInstance (0ms)
			ReleaseScriptingObjects (0ms)
			CreateAndSetChildDomain (40ms)
		EndReloadAssembly (792ms)
			LoadAssemblies (78ms)
			RebuildTransferFunctionScriptingTraits (0ms)
			SetupTypeCache (277ms)
			ReleaseScriptCaches (1ms)
			RebuildScriptCaches (40ms)
			SetupLoadedEditorAssemblies (301ms)
				LogAssemblyErrors (0ms)
				InitializePlatformSupportModulesInManaged (5ms)
				SetLoadedEditorAssemblies (0ms)
				RefreshPlugins (1ms)
				BeforeProcessingInitializeOnLoad (90ms)
				ProcessInitializeOnLoadAttributes (190ms)
				ProcessInitializeOnLoadMethodAttributes (7ms)
				AfterProcessingInitializeOnLoad (7ms)
				EditorAssembliesLoaded (0ms)
			ExecutionOrderSort2 (0ms)
			AwakeInstancesAfterBackupRestoration (6ms)
Platform modules already initialized, skipping
Refreshing native plugins compatible for Editor in 0.62 ms, found 2 plugins.
Preloading 0 native plugins for Editor in 0.00 ms.
Unloading 1849 Unused Serialized files (Serialized files now loaded: 0)
System memory in use before: 99.1 MB.
System memory in use after: 99.2 MB.

Unloading 16 unused Assets to reduce memory usage. Loaded Objects now: 2356.
Total: 3.825100 ms (FindLiveObjects: 0.340000 ms CreateObjectMapping: 0.095600 ms MarkObjects: 3.206600 ms  DeleteObjects: 0.180500 ms)

AssetImportParameters requested are different than current active one (requested -> active):
  custom:framework-win-MediaFoundation: 216162199b28c13a410421893ffa2e32 -> 
  custom:video-decoder-ogg-theora: a1e56fd34408186e4bbccfd4996cb3dc -> 
  custom:container-muxer-webm: aa71ff27fc2769a1b78a27578f13a17b -> 
  custom:container-demuxer-webm: 4f35f7cbe854078d1ac9338744f61a02 -> 
  custom:container-demuxer-ogg: 62fdf1f143b41e24485cea50d1cbac27 -> 
  custom:video-encoder-webm-vp8: eb34c28f22e8b96e1ab97ce403110664 -> 
  custom:video-decoder-webm-vp8: 9c59270c3fd7afecdb556c50c9e8de78 -> 
  custom:audio-decoder-ogg-vorbis: bf7c407c2cedff20999df2af8eb42d56 -> 
  custom:audio-encoder-webm-vorbis: bf7c407c2cedff20999df2af8eb42d56 -> 
========================================================================
Received Import Request.
  Time since last request: 459.520924 seconds.
  path: Assets/Art/Animations/Dying.fbx
  artifactKey: Guid(3ebcfca75120b634ab2fbb4322682c6b) Importer(815301076,1909f56bfc062723c751e8b465ee728b)
Start importing Assets/Art/Animations/Dying.fbx using Guid(3ebcfca75120b634ab2fbb4322682c6b) Importer(815301076,1909f56bfc062723c751e8b465ee728b)  -> (artifact id: '25e0c0b9a7eda6df20ed0266696bbd8e') in 0.038832 seconds 
  Import took 0.200322 seconds .

========================================================================
Received Import Request.
  Time since last request: 6.541983 seconds.
  path: Assets/Art/Animations/Dying.fbx
  artifactKey: Guid(3ebcfca75120b634ab2fbb4322682c6b) Importer(815301076,1909f56bfc062723c751e8b465ee728b)
Start importing Assets/Art/Animations/Dying.fbx using Guid(3ebcfca75120b634ab2fbb4322682c6b) Importer(815301076,1909f56bfc062723c751e8b465ee728b)  -> (artifact id: '9a16549224669cb3539755eff61ace67') in 0.011535 seconds 
  Import took 0.035460 seconds .

========================================================================
Received Import Request.
  Time since last request: 4.113587 seconds.
  path: Assets/Art/Animations/mixamo.com.anim
  artifactKey: Guid(5bc38015bb844c142a6a32c202d9ea3d) Importer(815301076,1909f56bfc062723c751e8b465ee728b)
Start importing Assets/Art/Animations/mixamo.com.anim using Guid(5bc38015bb844c142a6a32c202d9ea3d) Importer(815301076,1909f56bfc062723c751e8b465ee728b)  -> (artifact id: '3385750d71c59a61bea59f44c89f7e28') in 0.050608 seconds 
  Import took 0.069822 seconds .

========================================================================
Received Import Request.
  Time since last request: 6.972989 seconds.
  path: Assets/Art/Animations/Death.anim
  artifactKey: Guid(5bc38015bb844c142a6a32c202d9ea3d) Importer(815301076,1909f56bfc062723c751e8b465ee728b)
Start importing Assets/Art/Animations/Death.anim using Guid(5bc38015bb844c142a6a32c202d9ea3d) Importer(815301076,1909f56bfc062723c751e8b465ee728b)  -> (artifact id: '33dd21cbc4f6c9073e247dd5fabf8153') in 0.023573 seconds 
  Import took 0.027246 seconds .

========================================================================
Received Prepare
Registering precompiled user dll's ...
Registered in 0.004385 seconds.
Begin MonoManager ReloadAssembly
Native extension for WindowsStandalone target not found
Native extension for WebGL target not found
Refreshing native plugins compatible for Editor in 0.83 ms, found 2 plugins.
Preloading 0 native plugins for Editor in 0.00 ms.
Mono: successfully reloaded assembly
- Completed reload, in  1.292 seconds
Domain Reload Profiling:
	ReloadAssembly (1293ms)
		BeginReloadAssembly (143ms)
			ExecutionOrderSort (0ms)
			DisableScriptedObjects (5ms)
			BackupInstance (0ms)
			ReleaseScriptingObjects (0ms)
			CreateAndSetChildDomain (50ms)
		EndReloadAssembly (1078ms)
			LoadAssemblies (101ms)
			RebuildTransferFunctionScriptingTraits (0ms)
			SetupTypeCache (347ms)
			ReleaseScriptCaches (2ms)
			RebuildScriptCaches (83ms)
			SetupLoadedEditorAssemblies (420ms)
				LogAssemblyErrors (0ms)
				InitializePlatformSupportModulesInManaged (7ms)
				SetLoadedEditorAssemblies (1ms)
				RefreshPlugins (1ms)
				BeforeProcessingInitializeOnLoad (108ms)
				ProcessInitializeOnLoadAttributes (280ms)
				ProcessInitializeOnLoadMethodAttributes (14ms)
				AfterProcessingInitializeOnLoad (8ms)
				EditorAssembliesLoaded (0ms)
			ExecutionOrderSort2 (0ms)
			AwakeInstancesAfterBackupRestoration (12ms)
Platform modules already initialized, skipping
Refreshing native plugins compatible for Editor in 0.81 ms, found 2 plugins.
Preloading 0 native plugins for Editor in 0.00 ms.
Unloading 1849 Unused Serialized files (Serialized files now loaded: 0)
System memory in use before: 99.1 MB.
System memory in use after: 99.2 MB.

Unloading 16 unused Assets to reduce memory usage. Loaded Objects now: 2358.
Total: 5.425700 ms (FindLiveObjects: 0.344100 ms CreateObjectMapping: 0.057800 ms MarkObjects: 4.998300 ms  DeleteObjects: 0.023900 ms)

AssetImportParameters requested are different than current active one (requested -> active):
  custom:framework-win-MediaFoundation: 216162199b28c13a410421893ffa2e32 -> 
  custom:video-decoder-ogg-theora: a1e56fd34408186e4bbccfd4996cb3dc -> 
  custom:container-muxer-webm: aa71ff27fc2769a1b78a27578f13a17b -> 
  custom:container-demuxer-webm: 4f35f7cbe854078d1ac9338744f61a02 -> 
  custom:container-demuxer-ogg: 62fdf1f143b41e24485cea50d1cbac27 -> 
  custom:video-encoder-webm-vp8: eb34c28f22e8b96e1ab97ce403110664 -> 
  custom:video-decoder-webm-vp8: 9c59270c3fd7afecdb556c50c9e8de78 -> 
  custom:audio-decoder-ogg-vorbis: bf7c407c2cedff20999df2af8eb42d56 -> 
  custom:audio-encoder-webm-vorbis: bf7c407c2cedff20999df2af8eb42d56 -> 
========================================================================
Received Prepare
Registering precompiled user dll's ...
Registered in 0.003737 seconds.
Begin MonoManager ReloadAssembly
Native extension for WindowsStandalone target not found
Native extension for WebGL target not found
Refreshing native plugins compatible for Editor in 0.48 ms, found 2 plugins.
Preloading 0 native plugins for Editor in 0.00 ms.
Mono: successfully reloaded assembly
- Completed reload, in  1.020 seconds
Domain Reload Profiling:
	ReloadAssembly (1021ms)
		BeginReloadAssembly (113ms)
			ExecutionOrderSort (0ms)
			DisableScriptedObjects (4ms)
			BackupInstance (0ms)
			ReleaseScriptingObjects (0ms)
			CreateAndSetChildDomain (34ms)
		EndReloadAssembly (848ms)
			LoadAssemblies (81ms)
			RebuildTransferFunctionScriptingTraits (0ms)
			SetupTypeCache (288ms)
			ReleaseScriptCaches (1ms)
			RebuildScriptCaches (39ms)
			SetupLoadedEditorAssemblies (326ms)
				LogAssemblyErrors (0ms)
				InitializePlatformSupportModulesInManaged (5ms)
				SetLoadedEditorAssemblies (0ms)
				RefreshPlugins (1ms)
				BeforeProcessingInitializeOnLoad (99ms)
				ProcessInitializeOnLoadAttributes (206ms)
				ProcessInitializeOnLoadMethodAttributes (8ms)
				AfterProcessingInitializeOnLoad (7ms)
				EditorAssembliesLoaded (0ms)
			ExecutionOrderSort2 (0ms)
			AwakeInstancesAfterBackupRestoration (6ms)
Platform modules already initialized, skipping
Refreshing native plugins compatible for Editor in 0.47 ms, found 2 plugins.
Preloading 0 native plugins for Editor in 0.00 ms.
Unloading 1849 Unused Serialized files (Serialized files now loaded: 0)
System memory in use before: 99.1 MB.
System memory in use after: 99.2 MB.

Unloading 16 unused Assets to reduce memory usage. Loaded Objects now: 2360.
Total: 3.165600 ms (FindLiveObjects: 0.198900 ms CreateObjectMapping: 0.047600 ms MarkObjects: 2.896700 ms  DeleteObjects: 0.020700 ms)

AssetImportParameters requested are different than current active one (requested -> active):
  custom:framework-win-MediaFoundation: 216162199b28c13a410421893ffa2e32 -> 
  custom:video-decoder-ogg-theora: a1e56fd34408186e4bbccfd4996cb3dc -> 
  custom:container-muxer-webm: aa71ff27fc2769a1b78a27578f13a17b -> 
  custom:container-demuxer-webm: 4f35f7cbe854078d1ac9338744f61a02 -> 
  custom:container-demuxer-ogg: 62fdf1f143b41e24485cea50d1cbac27 -> 
  custom:video-encoder-webm-vp8: eb34c28f22e8b96e1ab97ce403110664 -> 
  custom:video-decoder-webm-vp8: 9c59270c3fd7afecdb556c50c9e8de78 -> 
  custom:audio-decoder-ogg-vorbis: bf7c407c2cedff20999df2af8eb42d56 -> 
  custom:audio-encoder-webm-vorbis: bf7c407c2cedff20999df2af8eb42d56 -> 
========================================================================
Received Prepare
Registering precompiled user dll's ...
Registered in 0.004190 seconds.
Begin MonoManager ReloadAssembly
Native extension for WindowsStandalone target not found
Native extension for WebGL target not found
Refreshing native plugins compatible for Editor in 0.51 ms, found 2 plugins.
Preloading 0 native plugins for Editor in 0.00 ms.
Mono: successfully reloaded assembly
- Completed reload, in  1.060 seconds
Domain Reload Profiling:
	ReloadAssembly (1060ms)
		BeginReloadAssembly (117ms)
			ExecutionOrderSort (0ms)
			DisableScriptedObjects (4ms)
			BackupInstance (0ms)
			ReleaseScriptingObjects (0ms)
			CreateAndSetChildDomain (31ms)
		EndReloadAssembly (874ms)
			LoadAssemblies (91ms)
			RebuildTransferFunctionScriptingTraits (0ms)
			SetupTypeCache (294ms)
			ReleaseScriptCaches (1ms)
			RebuildScriptCaches (45ms)
			SetupLoadedEditorAssemblies (333ms)
				LogAssemblyErrors (0ms)
				InitializePlatformSupportModulesInManaged (7ms)
				SetLoadedEditorAssemblies (0ms)
				RefreshPlugins (1ms)
				BeforeProcessingInitializeOnLoad (94ms)
				ProcessInitializeOnLoadAttributes (216ms)
				ProcessInitializeOnLoadMethodAttributes (8ms)
				AfterProcessingInitializeOnLoad (6ms)
				EditorAssembliesLoaded (0ms)
			ExecutionOrderSort2 (0ms)
			AwakeInstancesAfterBackupRestoration (6ms)
Platform modules already initialized, skipping
Refreshing native plugins compatible for Editor in 0.48 ms, found 2 plugins.
Preloading 0 native plugins for Editor in 0.00 ms.
Unloading 1849 Unused Serialized files (Serialized files now loaded: 0)
System memory in use before: 99.1 MB.
System memory in use after: 99.3 MB.

Unloading 16 unused Assets to reduce memory usage. Loaded Objects now: 2362.
Total: 3.494000 ms (FindLiveObjects: 0.255000 ms CreateObjectMapping: 0.051300 ms MarkObjects: 3.163300 ms  DeleteObjects: 0.022500 ms)

AssetImportParameters requested are different than current active one (requested -> active):
  custom:framework-win-MediaFoundation: 216162199b28c13a410421893ffa2e32 -> 
  custom:video-decoder-ogg-theora: a1e56fd34408186e4bbccfd4996cb3dc -> 
  custom:container-muxer-webm: aa71ff27fc2769a1b78a27578f13a17b -> 
  custom:container-demuxer-webm: 4f35f7cbe854078d1ac9338744f61a02 -> 
  custom:container-demuxer-ogg: 62fdf1f143b41e24485cea50d1cbac27 -> 
  custom:video-encoder-webm-vp8: eb34c28f22e8b96e1ab97ce403110664 -> 
  custom:video-decoder-webm-vp8: 9c59270c3fd7afecdb556c50c9e8de78 -> 
  custom:audio-decoder-ogg-vorbis: bf7c407c2cedff20999df2af8eb42d56 -> 
  custom:audio-encoder-webm-vorbis: bf7c407c2cedff20999df2af8eb42d56 -> 
AssetImportWorkerClient::OnTransportError - code=2 error=End of file
